<?xml version="1.0" encoding="UTF-8"?>
<coverage generated="1629053222410" clover="3.2.0">
  <project timestamp="1629053222410" name="All files">
    <metrics statements="214" coveredstatements="206" conditionals="97" coveredconditionals="81" methods="67" coveredmethods="64" elements="378" coveredelements="351" complexity="0" loc="214" ncloc="214" packages="10" files="14" classes="14"/>
    <package name="src">
      <metrics statements="3" coveredstatements="3" conditionals="0" coveredconditionals="0" methods="2" coveredmethods="2"/>
      <file name="App.js" path="D:\Proyectos\Sngular\range-component\src\App.js">
        <metrics statements="3" coveredstatements="3" conditionals="0" coveredconditionals="0" methods="2" coveredmethods="2"/>
        <line num="10" count="1" type="stmt"/>
        <line num="11" count="1" type="stmt"/>
        <line num="16" count="2" type="stmt"/>
      </file>
    </package>
    <package name="src.components.Range">
      <metrics statements="61" coveredstatements="57" conditionals="41" coveredconditionals="32" methods="12" coveredmethods="12"/>
      <file name="Range.js" path="D:\Proyectos\Sngular\range-component\src\components\Range\Range.js">
        <metrics statements="61" coveredstatements="57" conditionals="41" coveredconditionals="32" methods="12" coveredmethods="12"/>
        <line num="7" count="4" type="stmt"/>
        <line num="12" count="4" type="stmt"/>
        <line num="21" count="61" type="stmt"/>
        <line num="22" count="61" type="stmt"/>
        <line num="23" count="61" type="stmt"/>
        <line num="24" count="61" type="stmt"/>
        <line num="25" count="61" type="stmt"/>
        <line num="26" count="61" type="stmt"/>
        <line num="28" count="61" type="stmt"/>
        <line num="29" count="29" type="stmt"/>
        <line num="32" count="61" type="stmt"/>
        <line num="33" count="82" type="cond" truecount="5" falsecount="0"/>
        <line num="34" count="25" type="stmt"/>
        <line num="35" count="25" type="stmt"/>
        <line num="36" count="25" type="stmt"/>
        <line num="37" count="25" type="stmt"/>
        <line num="38" count="25" type="stmt"/>
        <line num="44" count="25" type="stmt"/>
        <line num="53" count="61" type="stmt"/>
        <line num="54" count="43" type="stmt"/>
        <line num="55" count="43" type="cond" truecount="5" falsecount="0"/>
        <line num="56" count="40" type="stmt"/>
        <line num="59" count="1" type="stmt"/>
        <line num="63" count="61" type="stmt"/>
        <line num="64" count="43" type="stmt"/>
        <line num="65" count="43" type="cond" truecount="5" falsecount="0"/>
        <line num="66" count="40" type="stmt"/>
        <line num="69" count="1" type="stmt"/>
        <line num="73" count="61" type="stmt"/>
        <line num="74" count="3" type="cond" truecount="3" falsecount="1"/>
        <line num="75" count="3" type="stmt"/>
        <line num="76" count="3" type="stmt"/>
        <line num="77" count="3" type="cond" truecount="2" falsecount="0"/>
        <line num="78" count="1" type="stmt"/>
        <line num="79" count="1" type="cond" truecount="1" falsecount="1"/>
        <line num="80" count="0" type="stmt"/>
        <line num="82" count="1" type="stmt"/>
        <line num="84" count="2" type="cond" truecount="1" falsecount="1"/>
        <line num="85" count="0" type="stmt"/>
        <line num="87" count="2" type="cond" truecount="1" falsecount="1"/>
        <line num="88" count="2" type="stmt"/>
        <line num="91" count="3" type="stmt"/>
        <line num="92" count="3" type="stmt"/>
        <line num="97" count="61" type="stmt"/>
        <line num="98" count="3" type="cond" truecount="3" falsecount="1"/>
        <line num="99" count="3" type="stmt"/>
        <line num="100" count="3" type="stmt"/>
        <line num="101" count="3" type="cond" truecount="2" falsecount="0"/>
        <line num="102" count="1" type="stmt"/>
        <line num="103" count="1" type="cond" truecount="1" falsecount="1"/>
        <line num="104" count="0" type="stmt"/>
        <line num="106" count="1" type="stmt"/>
        <line num="108" count="2" type="cond" truecount="1" falsecount="1"/>
        <line num="109" count="0" type="stmt"/>
        <line num="111" count="2" type="cond" truecount="1" falsecount="1"/>
        <line num="112" count="2" type="stmt"/>
        <line num="115" count="3" type="stmt"/>
        <line num="116" count="3" type="stmt"/>
        <line num="121" count="61" type="stmt"/>
        <line num="122" count="76" type="stmt"/>
        <line num="125" count="61" type="stmt"/>
      </file>
    </package>
    <package name="src.components.Range.Bullet">
      <metrics statements="52" coveredstatements="50" conditionals="36" coveredconditionals="31" methods="16" coveredmethods="14"/>
      <file name="Bullet.js" path="D:\Proyectos\Sngular\range-component\src\components\Range\Bullet\Bullet.js">
        <metrics statements="52" coveredstatements="50" conditionals="36" coveredconditionals="31" methods="16" coveredmethods="14"/>
        <line num="12" count="5" type="stmt"/>
        <line num="24" count="154" type="stmt"/>
        <line num="25" count="154" type="cond" truecount="2" falsecount="0"/>
        <line num="26" count="154" type="cond" truecount="2" falsecount="0"/>
        <line num="27" count="154" type="stmt"/>
        <line num="28" count="154" type="stmt"/>
        <line num="29" count="154" type="stmt"/>
        <line num="30" count="154" type="stmt"/>
        <line num="32" count="154" type="stmt"/>
        <line num="34" count="154" type="stmt"/>
        <line num="35" count="170" type="cond" truecount="5" falsecount="0"/>
        <line num="36" count="53" type="stmt"/>
        <line num="37" count="53" type="stmt"/>
        <line num="41" count="154" type="stmt"/>
        <line num="42" count="51" type="stmt"/>
        <line num="44" count="51" type="stmt"/>
        <line num="45" count="51" type="stmt"/>
        <line num="46" count="51" type="stmt"/>
        <line num="47" count="49" type="stmt"/>
        <line num="48" count="49" type="stmt"/>
        <line num="52" count="154" type="stmt"/>
        <line num="53" count="65" type="cond" truecount="2" falsecount="0"/>
        <line num="54" count="59" type="stmt"/>
        <line num="58" count="154" type="stmt"/>
        <line num="59" count="100" type="cond" truecount="2" falsecount="0"/>
        <line num="60" count="8" type="stmt"/>
        <line num="64" count="154" type="stmt"/>
        <line num="65" count="37" type="cond" truecount="2" falsecount="0"/>
        <line num="66" count="2" type="stmt"/>
        <line num="67" count="2" type="cond" truecount="2" falsecount="0"/>
        <line num="68" count="1" type="cond" truecount="1" falsecount="1"/>
        <line num="69" count="1" type="stmt"/>
        <line num="72" count="1" type="cond" truecount="1" falsecount="1"/>
        <line num="73" count="1" type="stmt"/>
        <line num="76" count="2" type="stmt"/>
        <line num="80" count="154" type="stmt"/>
        <line num="81" count="8" type="stmt"/>
        <line num="84" count="154" type="stmt"/>
        <line num="85" count="14" type="stmt"/>
        <line num="87" count="154" type="stmt"/>
        <line num="88" count="14" type="cond" truecount="2" falsecount="0"/>
        <line num="89" count="8" type="stmt"/>
        <line num="90" count="8" type="cond" truecount="2" falsecount="0"/>
        <line num="91" count="2" type="stmt"/>
        <line num="93" count="6" type="cond" truecount="2" falsecount="0"/>
        <line num="94" count="2" type="stmt"/>
        <line num="95" count="2" type="stmt"/>
        <line num="97" count="4" type="stmt"/>
        <line num="98" count="4" type="stmt"/>
        <line num="104" count="154" type="stmt"/>
        <line num="117" count="0" type="stmt"/>
        <line num="118" count="0" type="stmt"/>
      </file>
    </package>
    <package name="src.components.Range.Input">
      <metrics statements="21" coveredstatements="21" conditionals="10" coveredconditionals="9" methods="7" coveredmethods="7"/>
      <file name="Input.js" path="D:\Proyectos\Sngular\range-component\src\components\Range\Input\Input.js">
        <metrics statements="21" coveredstatements="21" conditionals="10" coveredconditionals="9" methods="7" coveredmethods="7"/>
        <line num="5" count="5" type="stmt"/>
        <line num="14" count="142" type="stmt"/>
        <line num="15" count="142" type="stmt"/>
        <line num="17" count="142" type="stmt"/>
        <line num="18" count="66" type="cond" truecount="1" falsecount="1"/>
        <line num="19" count="66" type="stmt"/>
        <line num="23" count="142" type="stmt"/>
        <line num="24" count="38" type="stmt"/>
        <line num="27" count="142" type="stmt"/>
        <line num="28" count="2" type="stmt"/>
        <line num="29" count="2" type="stmt"/>
        <line num="30" count="2" type="cond" truecount="4" falsecount="0"/>
        <line num="31" count="1" type="stmt"/>
        <line num="35" count="142" type="stmt"/>
        <line num="36" count="3" type="stmt"/>
        <line num="37" count="3" type="stmt"/>
        <line num="40" count="142" type="cond" truecount="2" falsecount="0"/>
        <line num="41" count="40" type="stmt"/>
        <line num="52" count="102" type="stmt"/>
        <line num="56" count="2" type="stmt"/>
        <line num="58" count="1" type="stmt"/>
      </file>
    </package>
    <package name="src.components.Range.Utils">
      <metrics statements="21" coveredstatements="21" conditionals="2" coveredconditionals="2" methods="8" coveredmethods="8"/>
      <file name="TestUtils.js" path="D:\Proyectos\Sngular\range-component\src\components\Range\Utils\TestUtils.js">
        <metrics statements="5" coveredstatements="5" conditionals="2" coveredconditionals="2" methods="2" coveredmethods="2"/>
        <line num="1" count="2" type="stmt"/>
        <line num="5" count="24" type="stmt"/>
        <line num="6" count="24" type="stmt"/>
        <line num="7" count="48" type="cond" truecount="2" falsecount="0"/>
        <line num="8" count="8" type="stmt"/>
      </file>
      <file name="Utils.js" path="D:\Proyectos\Sngular\range-component\src\components\Range\Utils\Utils.js">
        <metrics statements="16" coveredstatements="16" conditionals="0" coveredconditionals="0" methods="6" coveredmethods="6"/>
        <line num="1" count="7" type="stmt"/>
        <line num="2" count="4" type="stmt"/>
        <line num="5" count="7" type="stmt"/>
        <line num="6" count="94" type="stmt"/>
        <line num="9" count="7" type="stmt"/>
        <line num="10" count="10" type="stmt"/>
        <line num="11" count="10" type="stmt"/>
        <line num="12" count="10" type="stmt"/>
        <line num="15" count="7" type="stmt"/>
        <line num="16" count="7" type="stmt"/>
        <line num="19" count="7" type="stmt"/>
        <line num="20" count="68" type="stmt"/>
        <line num="21" count="68" type="stmt"/>
        <line num="24" count="7" type="stmt"/>
        <line num="25" count="11" type="stmt"/>
        <line num="26" count="11" type="stmt"/>
      </file>
    </package>
    <package name="src.hooks">
      <metrics statements="11" coveredstatements="9" conditionals="2" coveredconditionals="1" methods="4" coveredmethods="3"/>
      <file name="useResizeObserver.js" path="D:\Proyectos\Sngular\range-component\src\hooks\useResizeObserver.js">
        <metrics statements="11" coveredstatements="9" conditionals="2" coveredconditionals="1" methods="4" coveredmethods="3"/>
        <line num="3" count="5" type="stmt"/>
        <line num="4" count="154" type="stmt"/>
        <line num="6" count="154" type="stmt"/>
        <line num="8" count="0" type="stmt"/>
        <line num="9" count="0" type="stmt"/>
        <line num="13" count="154" type="stmt"/>
        <line num="14" count="35" type="cond" truecount="1" falsecount="1"/>
        <line num="15" count="35" type="stmt"/>
        <line num="18" count="35" type="stmt"/>
        <line num="19" count="33" type="stmt"/>
        <line num="23" count="154" type="stmt"/>
      </file>
    </package>
    <package name="src.middlewares">
      <metrics statements="10" coveredstatements="10" conditionals="0" coveredconditionals="0" methods="2" coveredmethods="2"/>
      <file name="dataController.js" path="D:\Proyectos\Sngular\range-component\src\middlewares\dataController.js">
        <metrics statements="10" coveredstatements="10" conditionals="0" coveredconditionals="0" methods="2" coveredmethods="2"/>
        <line num="3" count="4" type="stmt"/>
        <line num="4" count="4" type="stmt"/>
        <line num="5" count="4" type="stmt"/>
        <line num="6" count="1" type="stmt"/>
        <line num="8" count="1" type="stmt"/>
        <line num="12" count="4" type="stmt"/>
        <line num="13" count="3" type="stmt"/>
        <line num="14" count="3" type="stmt"/>
        <line num="15" count="1" type="stmt"/>
        <line num="17" count="1" type="stmt"/>
      </file>
      <file name="routes.js" path="D:\Proyectos\Sngular\range-component\src\middlewares\routes.js">
        <metrics statements="0" coveredstatements="0" conditionals="0" coveredconditionals="0" methods="0" coveredmethods="0"/>
      </file>
    </package>
    <package name="src.middlewares.services">
      <metrics statements="0" coveredstatements="0" conditionals="0" coveredconditionals="0" methods="0" coveredmethods="0"/>
      <file name="dataServices.js" path="D:\Proyectos\Sngular\range-component\src\middlewares\services\dataServices.js">
        <metrics statements="0" coveredstatements="0" conditionals="0" coveredconditionals="0" methods="0" coveredmethods="0"/>
      </file>
    </package>
    <package name="src.middlewares.services.api">
      <metrics statements="9" coveredstatements="9" conditionals="6" coveredconditionals="6" methods="4" coveredmethods="4"/>
      <file name="axiosService.js" path="D:\Proyectos\Sngular\range-component\src\middlewares\services\api\axiosService.js">
        <metrics statements="9" coveredstatements="9" conditionals="6" coveredconditionals="6" methods="4" coveredmethods="4"/>
        <line num="6" count="4" type="stmt"/>
        <line num="8" count="1" type="stmt"/>
        <line num="9" count="2" type="cond" truecount="4" falsecount="0"/>
        <line num="10" count="1" type="stmt"/>
        <line num="11" count="1" type="stmt"/>
        <line num="14" count="3" type="stmt"/>
        <line num="16" count="1" type="stmt"/>
        <line num="17" count="2" type="cond" truecount="2" falsecount="0"/>
        <line num="18" count="1" type="stmt"/>
      </file>
      <file name="index.js" path="D:\Proyectos\Sngular\range-component\src\middlewares\services\api\index.js">
        <metrics statements="0" coveredstatements="0" conditionals="0" coveredconditionals="0" methods="0" coveredmethods="0"/>
      </file>
    </package>
    <package name="src.pages">
      <metrics statements="26" coveredstatements="26" conditionals="0" coveredconditionals="0" methods="12" coveredmethods="12"/>
      <file name="Exercise1.js" path="D:\Proyectos\Sngular\range-component\src\pages\Exercise1.js">
        <metrics statements="13" coveredstatements="13" conditionals="0" coveredconditionals="0" methods="6" coveredmethods="6"/>
        <line num="6" count="2" type="stmt"/>
        <line num="7" count="4" type="stmt"/>
        <line num="9" count="4" type="stmt"/>
        <line num="10" count="4" type="stmt"/>
        <line num="12" count="4" type="stmt"/>
        <line num="13" count="2" type="stmt"/>
        <line num="14" count="2" type="stmt"/>
        <line num="18" count="4" type="stmt"/>
        <line num="23" count="4" type="stmt"/>
        <line num="24" count="2" type="stmt"/>
        <line num="27" count="4" type="stmt"/>
        <line num="28" count="2" type="stmt"/>
        <line num="31" count="4" type="stmt"/>
      </file>
      <file name="Exercise2.js" path="D:\Proyectos\Sngular\range-component\src\pages\Exercise2.js">
        <metrics statements="13" coveredstatements="13" conditionals="0" coveredconditionals="0" methods="6" coveredmethods="6"/>
        <line num="6" count="2" type="stmt"/>
        <line num="7" count="2" type="stmt"/>
        <line num="9" count="2" type="stmt"/>
        <line num="10" count="2" type="stmt"/>
        <line num="12" count="2" type="stmt"/>
        <line num="13" count="1" type="stmt"/>
        <line num="14" count="1" type="stmt"/>
        <line num="18" count="2" type="stmt"/>
        <line num="23" count="2" type="stmt"/>
        <line num="24" count="1" type="stmt"/>
        <line num="27" count="2" type="stmt"/>
        <line num="28" count="1" type="stmt"/>
        <line num="31" count="2" type="stmt"/>
      </file>
    </package>
  </project>
</coverage>
