{"D:\\Proyectos\\Sngular\\range-component\\src\\App.js": {"path":"D:\\Proyectos\\Sngular\\range-component\\src\\App.js","statementMap":{"0":{"start":{"line":10,"column":12},"end":{"line":25,"column":1}},"1":{"start":{"line":11,"column":4},"end":{"line":24,"column":5}},"2":{"start":{"line":16,"column":24},"end":{"line":18,"column":32}}},"fnMap":{"0":{"name":"(anonymous_0)","decl":{"start":{"line":10,"column":12},"end":{"line":10,"column":13}},"loc":{"start":{"line":10,"column":18},"end":{"line":25,"column":1}},"line":10},"1":{"name":"(anonymous_1)","decl":{"start":{"line":15,"column":33},"end":{"line":15,"column":34}},"loc":{"start":{"line":16,"column":24},"end":{"line":18,"column":32}},"line":16}},"branchMap":{},"s":{"0":1,"1":1,"2":2},"f":{"0":1,"1":2},"b":{},"_coverageSchema":"1a1c01bbd47fc00a2c39e90264f33305004495a9","hash":"c554de50d05b580af6950b22d4dcf9bbd5b33c85"}
,"D:\\Proyectos\\Sngular\\range-component\\src\\components\\Range\\Range.js": {"path":"D:\\Proyectos\\Sngular\\range-component\\src\\components\\Range\\Range.js","statementMap":{"0":{"start":{"line":7,"column":22},"end":{"line":10,"column":1}},"1":{"start":{"line":12,"column":14},"end":{"line":167,"column":1}},"2":{"start":{"line":21,"column":26},"end":{"line":21,"column":39}},"3":{"start":{"line":22,"column":26},"end":{"line":22,"column":39}},"4":{"start":{"line":23,"column":38},"end":{"line":23,"column":72}},"5":{"start":{"line":24,"column":38},"end":{"line":24,"column":72}},"6":{"start":{"line":25,"column":32},"end":{"line":25,"column":55}},"7":{"start":{"line":26,"column":42},"end":{"line":26,"column":59}},"8":{"start":{"line":28,"column":4},"end":{"line":30,"column":22}},"9":{"start":{"line":29,"column":8},"end":{"line":29,"column":63}},"10":{"start":{"line":29,"column":54},"end":{"line":29,"column":59}},"11":{"start":{"line":32,"column":4},"end":{"line":51,"column":17}},"12":{"start":{"line":33,"column":8},"end":{"line":50,"column":9}},"13":{"start":{"line":33,"column":64},"end":{"line":33,"column":75}},"14":{"start":{"line":34,"column":29},"end":{"line":34,"column":38}},"15":{"start":{"line":35,"column":29},"end":{"line":35,"column":55}},"16":{"start":{"line":36,"column":12},"end":{"line":36,"column":30}},"17":{"start":{"line":37,"column":12},"end":{"line":37,"column":30}},"18":{"start":{"line":38,"column":12},"end":{"line":43,"column":13}},"19":{"start":{"line":44,"column":12},"end":{"line":49,"column":13}},"20":{"start":{"line":53,"column":4},"end":{"line":61,"column":39}},"21":{"start":{"line":54,"column":8},"end":{"line":60,"column":9}},"22":{"start":{"line":55,"column":12},"end":{"line":57,"column":13}},"23":{"start":{"line":56,"column":16},"end":{"line":56,"column":73}},"24":{"start":{"line":59,"column":12},"end":{"line":59,"column":104}},"25":{"start":{"line":63,"column":4},"end":{"line":71,"column":39}},"26":{"start":{"line":64,"column":8},"end":{"line":70,"column":9}},"27":{"start":{"line":65,"column":12},"end":{"line":67,"column":13}},"28":{"start":{"line":66,"column":16},"end":{"line":66,"column":73}},"29":{"start":{"line":69,"column":12},"end":{"line":69,"column":104}},"30":{"start":{"line":73,"column":28},"end":{"line":95,"column":5}},"31":{"start":{"line":74,"column":8},"end":{"line":94,"column":9}},"32":{"start":{"line":75,"column":29},"end":{"line":75,"column":34}},"33":{"start":{"line":76,"column":24},"end":{"line":76,"column":39}},"34":{"start":{"line":77,"column":12},"end":{"line":90,"column":13}},"35":{"start":{"line":78,"column":16},"end":{"line":78,"column":66}},"36":{"start":{"line":79,"column":16},"end":{"line":81,"column":17}},"37":{"start":{"line":80,"column":20},"end":{"line":80,"column":47}},"38":{"start":{"line":82,"column":16},"end":{"line":82,"column":42}},"39":{"start":{"line":84,"column":16},"end":{"line":86,"column":17}},"40":{"start":{"line":85,"column":20},"end":{"line":85,"column":36}},"41":{"start":{"line":87,"column":16},"end":{"line":89,"column":17}},"42":{"start":{"line":88,"column":20},"end":{"line":88,"column":64}},"43":{"start":{"line":91,"column":12},"end":{"line":93,"column":15}},"44":{"start":{"line":92,"column":16},"end":{"line":92,"column":58}},"45":{"start":{"line":97,"column":28},"end":{"line":119,"column":5}},"46":{"start":{"line":98,"column":8},"end":{"line":118,"column":9}},"47":{"start":{"line":99,"column":29},"end":{"line":99,"column":34}},"48":{"start":{"line":100,"column":24},"end":{"line":100,"column":39}},"49":{"start":{"line":101,"column":12},"end":{"line":114,"column":13}},"50":{"start":{"line":102,"column":16},"end":{"line":102,"column":66}},"51":{"start":{"line":103,"column":16},"end":{"line":105,"column":17}},"52":{"start":{"line":104,"column":20},"end":{"line":104,"column":47}},"53":{"start":{"line":106,"column":16},"end":{"line":106,"column":42}},"54":{"start":{"line":108,"column":16},"end":{"line":110,"column":17}},"55":{"start":{"line":109,"column":20},"end":{"line":109,"column":36}},"56":{"start":{"line":111,"column":16},"end":{"line":113,"column":17}},"57":{"start":{"line":112,"column":20},"end":{"line":112,"column":64}},"58":{"start":{"line":115,"column":12},"end":{"line":117,"column":15}},"59":{"start":{"line":116,"column":16},"end":{"line":116,"column":58}},"60":{"start":{"line":121,"column":30},"end":{"line":123,"column":5}},"61":{"start":{"line":122,"column":8},"end":{"line":122,"column":35}},"62":{"start":{"line":125,"column":4},"end":{"line":166,"column":5}}},"fnMap":{"0":{"name":"(anonymous_0)","decl":{"start":{"line":12,"column":14},"end":{"line":12,"column":15}},"loc":{"start":{"line":20,"column":5},"end":{"line":167,"column":1}},"line":20},"1":{"name":"(anonymous_1)","decl":{"start":{"line":28,"column":15},"end":{"line":28,"column":16}},"loc":{"start":{"line":28,"column":21},"end":{"line":30,"column":5}},"line":28},"2":{"name":"(anonymous_2)","decl":{"start":{"line":29,"column":42},"end":{"line":29,"column":43}},"loc":{"start":{"line":29,"column":54},"end":{"line":29,"column":59}},"line":29},"3":{"name":"(anonymous_3)","decl":{"start":{"line":32,"column":15},"end":{"line":32,"column":16}},"loc":{"start":{"line":32,"column":21},"end":{"line":51,"column":5}},"line":32},"4":{"name":"(anonymous_4)","decl":{"start":{"line":33,"column":59},"end":{"line":33,"column":60}},"loc":{"start":{"line":33,"column":64},"end":{"line":33,"column":75}},"line":33},"5":{"name":"(anonymous_5)","decl":{"start":{"line":53,"column":15},"end":{"line":53,"column":16}},"loc":{"start":{"line":53,"column":21},"end":{"line":61,"column":5}},"line":53},"6":{"name":"(anonymous_6)","decl":{"start":{"line":63,"column":15},"end":{"line":63,"column":16}},"loc":{"start":{"line":63,"column":21},"end":{"line":71,"column":5}},"line":63},"7":{"name":"(anonymous_7)","decl":{"start":{"line":73,"column":28},"end":{"line":73,"column":29}},"loc":{"start":{"line":73,"column":50},"end":{"line":95,"column":5}},"line":73},"8":{"name":"(anonymous_8)","decl":{"start":{"line":91,"column":26},"end":{"line":91,"column":27}},"loc":{"start":{"line":91,"column":32},"end":{"line":93,"column":13}},"line":91},"9":{"name":"(anonymous_9)","decl":{"start":{"line":97,"column":28},"end":{"line":97,"column":29}},"loc":{"start":{"line":97,"column":50},"end":{"line":119,"column":5}},"line":97},"10":{"name":"(anonymous_10)","decl":{"start":{"line":115,"column":26},"end":{"line":115,"column":27}},"loc":{"start":{"line":115,"column":32},"end":{"line":117,"column":13}},"line":115},"11":{"name":"(anonymous_11)","decl":{"start":{"line":121,"column":30},"end":{"line":121,"column":31}},"loc":{"start":{"line":121,"column":43},"end":{"line":123,"column":5}},"line":121}},"branchMap":{"0":{"loc":{"start":{"line":14,"column":8},"end":{"line":14,"column":24}},"type":"default-arg","locations":[{"start":{"line":14,"column":22},"end":{"line":14,"column":24}}],"line":14},"1":{"loc":{"start":{"line":15,"column":8},"end":{"line":15,"column":25}},"type":"default-arg","locations":[{"start":{"line":15,"column":24},"end":{"line":15,"column":25}}],"line":15},"2":{"loc":{"start":{"line":33,"column":8},"end":{"line":50,"column":9}},"type":"if","locations":[{"start":{"line":33,"column":8},"end":{"line":50,"column":9}},{"start":{"line":33,"column":8},"end":{"line":50,"column":9}}],"line":33},"3":{"loc":{"start":{"line":33,"column":13},"end":{"line":33,"column":77}},"type":"binary-expr","locations":[{"start":{"line":33,"column":13},"end":{"line":33,"column":19}},{"start":{"line":33,"column":23},"end":{"line":33,"column":41}},{"start":{"line":33,"column":45},"end":{"line":33,"column":77}}],"line":33},"4":{"loc":{"start":{"line":55,"column":12},"end":{"line":57,"column":13}},"type":"if","locations":[{"start":{"line":55,"column":12},"end":{"line":57,"column":13}},{"start":{"line":55,"column":12},"end":{"line":57,"column":13}}],"line":55},"5":{"loc":{"start":{"line":55,"column":17},"end":{"line":55,"column":64}},"type":"binary-expr","locations":[{"start":{"line":55,"column":17},"end":{"line":55,"column":29}},{"start":{"line":55,"column":35},"end":{"line":55,"column":46}},{"start":{"line":55,"column":50},"end":{"line":55,"column":62}}],"line":55},"6":{"loc":{"start":{"line":65,"column":12},"end":{"line":67,"column":13}},"type":"if","locations":[{"start":{"line":65,"column":12},"end":{"line":67,"column":13}},{"start":{"line":65,"column":12},"end":{"line":67,"column":13}}],"line":65},"7":{"loc":{"start":{"line":65,"column":17},"end":{"line":65,"column":64}},"type":"binary-expr","locations":[{"start":{"line":65,"column":17},"end":{"line":65,"column":29}},{"start":{"line":65,"column":35},"end":{"line":65,"column":46}},{"start":{"line":65,"column":50},"end":{"line":65,"column":62}}],"line":65},"8":{"loc":{"start":{"line":74,"column":8},"end":{"line":94,"column":9}},"type":"if","locations":[{"start":{"line":74,"column":8},"end":{"line":94,"column":9}},{"start":{"line":74,"column":8},"end":{"line":94,"column":9}}],"line":74},"9":{"loc":{"start":{"line":74,"column":13},"end":{"line":74,"column":37}},"type":"binary-expr","locations":[{"start":{"line":74,"column":13},"end":{"line":74,"column":18}},{"start":{"line":74,"column":22},"end":{"line":74,"column":37}}],"line":74},"10":{"loc":{"start":{"line":77,"column":12},"end":{"line":90,"column":13}},"type":"if","locations":[{"start":{"line":77,"column":12},"end":{"line":90,"column":13}},{"start":{"line":77,"column":12},"end":{"line":90,"column":13}}],"line":77},"11":{"loc":{"start":{"line":79,"column":16},"end":{"line":81,"column":17}},"type":"if","locations":[{"start":{"line":79,"column":16},"end":{"line":81,"column":17}},{"start":{"line":79,"column":16},"end":{"line":81,"column":17}}],"line":79},"12":{"loc":{"start":{"line":84,"column":16},"end":{"line":86,"column":17}},"type":"if","locations":[{"start":{"line":84,"column":16},"end":{"line":86,"column":17}},{"start":{"line":84,"column":16},"end":{"line":86,"column":17}}],"line":84},"13":{"loc":{"start":{"line":87,"column":16},"end":{"line":89,"column":17}},"type":"if","locations":[{"start":{"line":87,"column":16},"end":{"line":89,"column":17}},{"start":{"line":87,"column":16},"end":{"line":89,"column":17}}],"line":87},"14":{"loc":{"start":{"line":98,"column":8},"end":{"line":118,"column":9}},"type":"if","locations":[{"start":{"line":98,"column":8},"end":{"line":118,"column":9}},{"start":{"line":98,"column":8},"end":{"line":118,"column":9}}],"line":98},"15":{"loc":{"start":{"line":98,"column":13},"end":{"line":98,"column":37}},"type":"binary-expr","locations":[{"start":{"line":98,"column":13},"end":{"line":98,"column":18}},{"start":{"line":98,"column":22},"end":{"line":98,"column":37}}],"line":98},"16":{"loc":{"start":{"line":101,"column":12},"end":{"line":114,"column":13}},"type":"if","locations":[{"start":{"line":101,"column":12},"end":{"line":114,"column":13}},{"start":{"line":101,"column":12},"end":{"line":114,"column":13}}],"line":101},"17":{"loc":{"start":{"line":103,"column":16},"end":{"line":105,"column":17}},"type":"if","locations":[{"start":{"line":103,"column":16},"end":{"line":105,"column":17}},{"start":{"line":103,"column":16},"end":{"line":105,"column":17}}],"line":103},"18":{"loc":{"start":{"line":108,"column":16},"end":{"line":110,"column":17}},"type":"if","locations":[{"start":{"line":108,"column":16},"end":{"line":110,"column":17}},{"start":{"line":108,"column":16},"end":{"line":110,"column":17}}],"line":108},"19":{"loc":{"start":{"line":111,"column":16},"end":{"line":113,"column":17}},"type":"if","locations":[{"start":{"line":111,"column":16},"end":{"line":113,"column":17}},{"start":{"line":111,"column":16},"end":{"line":113,"column":17}}],"line":111}},"s":{"0":4,"1":4,"2":61,"3":61,"4":61,"5":61,"6":61,"7":61,"8":61,"9":16,"10":29,"11":61,"12":31,"13":82,"14":25,"15":25,"16":25,"17":25,"18":25,"19":25,"20":61,"21":43,"22":43,"23":40,"24":1,"25":61,"26":43,"27":43,"28":40,"29":1,"30":61,"31":3,"32":3,"33":3,"34":3,"35":1,"36":1,"37":0,"38":1,"39":2,"40":0,"41":2,"42":2,"43":3,"44":3,"45":61,"46":3,"47":3,"48":3,"49":3,"50":1,"51":1,"52":0,"53":1,"54":2,"55":0,"56":2,"57":2,"58":3,"59":3,"60":61,"61":76,"62":61},"f":{"0":61,"1":16,"2":29,"3":31,"4":82,"5":43,"6":43,"7":3,"8":3,"9":3,"10":3,"11":76},"b":{"0":[0],"1":[57],"2":[25,6],"3":[31,31,25],"4":[40,3],"5":[43,11,11],"6":[40,3],"7":[43,11,11],"8":[3,0],"9":[3,3],"10":[1,2],"11":[0,1],"12":[0,2],"13":[2,0],"14":[3,0],"15":[3,3],"16":[1,2],"17":[0,1],"18":[0,2],"19":[2,0]},"_coverageSchema":"1a1c01bbd47fc00a2c39e90264f33305004495a9","hash":"4b75b4dcf3fd858be6b5b326dc82734288922b1b"}
,"D:\\Proyectos\\Sngular\\range-component\\src\\components\\Range\\Bullet\\Bullet.js": {"path":"D:\\Proyectos\\Sngular\\range-component\\src\\components\\Range\\Bullet\\Bullet.js","statementMap":{"0":{"start":{"line":12,"column":15},"end":{"line":133,"column":1}},"1":{"start":{"line":24,"column":22},"end":{"line":24,"column":30}},"2":{"start":{"line":25,"column":50},"end":{"line":25,"column":77}},"3":{"start":{"line":26,"column":60},"end":{"line":26,"column":87}},"4":{"start":{"line":27,"column":40},"end":{"line":27,"column":57}},"5":{"start":{"line":28,"column":30},"end":{"line":28,"column":43}},"6":{"start":{"line":29,"column":26},"end":{"line":29,"column":39}},"7":{"start":{"line":30,"column":26},"end":{"line":30,"column":39}},"8":{"start":{"line":32,"column":33},"end":{"line":32,"column":63}},"9":{"start":{"line":34,"column":4},"end":{"line":39,"column":17}},"10":{"start":{"line":35,"column":8},"end":{"line":38,"column":9}},"11":{"start":{"line":35,"column":64},"end":{"line":35,"column":75}},"12":{"start":{"line":36,"column":12},"end":{"line":36,"column":31}},"13":{"start":{"line":37,"column":12},"end":{"line":37,"column":48}},"14":{"start":{"line":41,"column":4},"end":{"line":50,"column":21}},"15":{"start":{"line":42,"column":8},"end":{"line":42,"column":30}},"16":{"start":{"line":44,"column":8},"end":{"line":44,"column":63}},"17":{"start":{"line":45,"column":8},"end":{"line":45,"column":67}},"18":{"start":{"line":46,"column":8},"end":{"line":49,"column":9}},"19":{"start":{"line":47,"column":12},"end":{"line":47,"column":70}},"20":{"start":{"line":48,"column":12},"end":{"line":48,"column":74}},"21":{"start":{"line":52,"column":4},"end":{"line":56,"column":16}},"22":{"start":{"line":53,"column":8},"end":{"line":55,"column":9}},"23":{"start":{"line":54,"column":12},"end":{"line":54,"column":67}},"24":{"start":{"line":58,"column":4},"end":{"line":62,"column":26}},"25":{"start":{"line":59,"column":8},"end":{"line":61,"column":9}},"26":{"start":{"line":60,"column":12},"end":{"line":60,"column":84}},"27":{"start":{"line":64,"column":4},"end":{"line":78,"column":31}},"28":{"start":{"line":65,"column":8},"end":{"line":77,"column":9}},"29":{"start":{"line":66,"column":24},"end":{"line":66,"column":79}},"30":{"start":{"line":67,"column":12},"end":{"line":75,"column":13}},"31":{"start":{"line":68,"column":16},"end":{"line":70,"column":17}},"32":{"start":{"line":69,"column":20},"end":{"line":69,"column":43}},"33":{"start":{"line":72,"column":16},"end":{"line":74,"column":17}},"34":{"start":{"line":73,"column":20},"end":{"line":73,"column":43}},"35":{"start":{"line":76,"column":12},"end":{"line":76,"column":65}},"36":{"start":{"line":80,"column":30},"end":{"line":82,"column":5}},"37":{"start":{"line":81,"column":8},"end":{"line":81,"column":29}},"38":{"start":{"line":84,"column":28},"end":{"line":86,"column":5}},"39":{"start":{"line":85,"column":8},"end":{"line":85,"column":30}},"40":{"start":{"line":87,"column":30},"end":{"line":102,"column":5}},"41":{"start":{"line":88,"column":8},"end":{"line":101,"column":9}},"42":{"start":{"line":89,"column":30},"end":{"line":89,"column":74}},"43":{"start":{"line":90,"column":12},"end":{"line":100,"column":13}},"44":{"start":{"line":91,"column":16},"end":{"line":91,"column":61}},"45":{"start":{"line":91,"column":46},"end":{"line":91,"column":59}},"46":{"start":{"line":93,"column":16},"end":{"line":99,"column":17}},"47":{"start":{"line":94,"column":41},"end":{"line":94,"column":96}},"48":{"start":{"line":95,"column":20},"end":{"line":95,"column":88}},"49":{"start":{"line":95,"column":45},"end":{"line":95,"column":86}},"50":{"start":{"line":97,"column":41},"end":{"line":97,"column":96}},"51":{"start":{"line":98,"column":20},"end":{"line":98,"column":86}},"52":{"start":{"line":98,"column":45},"end":{"line":98,"column":84}},"53":{"start":{"line":104,"column":4},"end":{"line":132,"column":5}},"54":{"start":{"line":117,"column":37},"end":{"line":117,"column":52}},"55":{"start":{"line":118,"column":37},"end":{"line":118,"column":50}}},"fnMap":{"0":{"name":"(anonymous_0)","decl":{"start":{"line":12,"column":15},"end":{"line":12,"column":16}},"loc":{"start":{"line":23,"column":5},"end":{"line":133,"column":1}},"line":23},"1":{"name":"(anonymous_1)","decl":{"start":{"line":34,"column":15},"end":{"line":34,"column":16}},"loc":{"start":{"line":34,"column":21},"end":{"line":39,"column":5}},"line":34},"2":{"name":"(anonymous_2)","decl":{"start":{"line":35,"column":59},"end":{"line":35,"column":60}},"loc":{"start":{"line":35,"column":64},"end":{"line":35,"column":75}},"line":35},"3":{"name":"(anonymous_3)","decl":{"start":{"line":41,"column":15},"end":{"line":41,"column":16}},"loc":{"start":{"line":41,"column":21},"end":{"line":50,"column":5}},"line":41},"4":{"name":"(anonymous_4)","decl":{"start":{"line":46,"column":15},"end":{"line":46,"column":16}},"loc":{"start":{"line":46,"column":21},"end":{"line":49,"column":9}},"line":46},"5":{"name":"(anonymous_5)","decl":{"start":{"line":52,"column":15},"end":{"line":52,"column":16}},"loc":{"start":{"line":52,"column":21},"end":{"line":56,"column":5}},"line":52},"6":{"name":"(anonymous_6)","decl":{"start":{"line":58,"column":15},"end":{"line":58,"column":16}},"loc":{"start":{"line":58,"column":21},"end":{"line":62,"column":5}},"line":58},"7":{"name":"(anonymous_7)","decl":{"start":{"line":64,"column":15},"end":{"line":64,"column":16}},"loc":{"start":{"line":64,"column":21},"end":{"line":78,"column":5}},"line":64},"8":{"name":"(anonymous_8)","decl":{"start":{"line":80,"column":30},"end":{"line":80,"column":31}},"loc":{"start":{"line":80,"column":39},"end":{"line":82,"column":5}},"line":80},"9":{"name":"(anonymous_9)","decl":{"start":{"line":84,"column":28},"end":{"line":84,"column":29}},"loc":{"start":{"line":84,"column":34},"end":{"line":86,"column":5}},"line":84},"10":{"name":"(anonymous_10)","decl":{"start":{"line":87,"column":30},"end":{"line":87,"column":31}},"loc":{"start":{"line":87,"column":39},"end":{"line":102,"column":5}},"line":87},"11":{"name":"(anonymous_11)","decl":{"start":{"line":91,"column":41},"end":{"line":91,"column":42}},"loc":{"start":{"line":91,"column":46},"end":{"line":91,"column":59}},"line":91},"12":{"name":"(anonymous_12)","decl":{"start":{"line":95,"column":40},"end":{"line":95,"column":41}},"loc":{"start":{"line":95,"column":45},"end":{"line":95,"column":86}},"line":95},"13":{"name":"(anonymous_13)","decl":{"start":{"line":98,"column":40},"end":{"line":98,"column":41}},"loc":{"start":{"line":98,"column":45},"end":{"line":98,"column":84}},"line":98},"14":{"name":"(anonymous_14)","decl":{"start":{"line":117,"column":31},"end":{"line":117,"column":32}},"loc":{"start":{"line":117,"column":37},"end":{"line":117,"column":52}},"line":117},"15":{"name":"(anonymous_15)","decl":{"start":{"line":118,"column":31},"end":{"line":118,"column":32}},"loc":{"start":{"line":118,"column":37},"end":{"line":118,"column":50}},"line":118}},"branchMap":{"0":{"loc":{"start":{"line":15,"column":8},"end":{"line":15,"column":17}},"type":"default-arg","locations":[{"start":{"line":15,"column":16},"end":{"line":15,"column":17}}],"line":15},"1":{"loc":{"start":{"line":16,"column":8},"end":{"line":16,"column":19}},"type":"default-arg","locations":[{"start":{"line":16,"column":17},"end":{"line":16,"column":19}}],"line":16},"2":{"loc":{"start":{"line":20,"column":8},"end":{"line":20,"column":25}},"type":"default-arg","locations":[{"start":{"line":20,"column":24},"end":{"line":20,"column":25}}],"line":20},"3":{"loc":{"start":{"line":25,"column":60},"end":{"line":25,"column":75}},"type":"cond-expr","locations":[{"start":{"line":25,"column":68},"end":{"line":25,"column":71}},{"start":{"line":25,"column":74},"end":{"line":25,"column":75}}],"line":25},"4":{"loc":{"start":{"line":26,"column":70},"end":{"line":26,"column":85}},"type":"cond-expr","locations":[{"start":{"line":26,"column":78},"end":{"line":26,"column":81}},{"start":{"line":26,"column":84},"end":{"line":26,"column":85}}],"line":26},"5":{"loc":{"start":{"line":35,"column":8},"end":{"line":38,"column":9}},"type":"if","locations":[{"start":{"line":35,"column":8},"end":{"line":38,"column":9}},{"start":{"line":35,"column":8},"end":{"line":38,"column":9}}],"line":35},"6":{"loc":{"start":{"line":35,"column":13},"end":{"line":35,"column":77}},"type":"binary-expr","locations":[{"start":{"line":35,"column":13},"end":{"line":35,"column":19}},{"start":{"line":35,"column":23},"end":{"line":35,"column":41}},{"start":{"line":35,"column":45},"end":{"line":35,"column":77}}],"line":35},"7":{"loc":{"start":{"line":53,"column":8},"end":{"line":55,"column":9}},"type":"if","locations":[{"start":{"line":53,"column":8},"end":{"line":55,"column":9}},{"start":{"line":53,"column":8},"end":{"line":55,"column":9}}],"line":53},"8":{"loc":{"start":{"line":59,"column":8},"end":{"line":61,"column":9}},"type":"if","locations":[{"start":{"line":59,"column":8},"end":{"line":61,"column":9}},{"start":{"line":59,"column":8},"end":{"line":61,"column":9}}],"line":59},"9":{"loc":{"start":{"line":65,"column":8},"end":{"line":77,"column":9}},"type":"if","locations":[{"start":{"line":65,"column":8},"end":{"line":77,"column":9}},{"start":{"line":65,"column":8},"end":{"line":77,"column":9}}],"line":65},"10":{"loc":{"start":{"line":67,"column":12},"end":{"line":75,"column":13}},"type":"if","locations":[{"start":{"line":67,"column":12},"end":{"line":75,"column":13}},{"start":{"line":67,"column":12},"end":{"line":75,"column":13}}],"line":67},"11":{"loc":{"start":{"line":68,"column":16},"end":{"line":70,"column":17}},"type":"if","locations":[{"start":{"line":68,"column":16},"end":{"line":70,"column":17}},{"start":{"line":68,"column":16},"end":{"line":70,"column":17}}],"line":68},"12":{"loc":{"start":{"line":72,"column":16},"end":{"line":74,"column":17}},"type":"if","locations":[{"start":{"line":72,"column":16},"end":{"line":74,"column":17}},{"start":{"line":72,"column":16},"end":{"line":74,"column":17}}],"line":72},"13":{"loc":{"start":{"line":88,"column":8},"end":{"line":101,"column":9}},"type":"if","locations":[{"start":{"line":88,"column":8},"end":{"line":101,"column":9}},{"start":{"line":88,"column":8},"end":{"line":101,"column":9}}],"line":88},"14":{"loc":{"start":{"line":90,"column":12},"end":{"line":100,"column":13}},"type":"if","locations":[{"start":{"line":90,"column":12},"end":{"line":100,"column":13}},{"start":{"line":90,"column":12},"end":{"line":100,"column":13}}],"line":90},"15":{"loc":{"start":{"line":93,"column":16},"end":{"line":99,"column":17}},"type":"if","locations":[{"start":{"line":93,"column":16},"end":{"line":99,"column":17}},{"start":{"line":93,"column":16},"end":{"line":99,"column":17}}],"line":93},"16":{"loc":{"start":{"line":122,"column":32},"end":{"line":122,"column":64}},"type":"cond-expr","locations":[{"start":{"line":122,"column":45},"end":{"line":122,"column":55}},{"start":{"line":122,"column":58},"end":{"line":122,"column":64}}],"line":122},"17":{"loc":{"start":{"line":126,"column":32},"end":{"line":126,"column":63}},"type":"cond-expr","locations":[{"start":{"line":126,"column":40},"end":{"line":126,"column":51}},{"start":{"line":126,"column":54},"end":{"line":126,"column":63}}],"line":126},"18":{"loc":{"start":{"line":127,"column":32},"end":{"line":127,"column":72}},"type":"cond-expr","locations":[{"start":{"line":127,"column":40},"end":{"line":127,"column":58}},{"start":{"line":127,"column":61},"end":{"line":127,"column":72}}],"line":127}},"s":{"0":5,"1":154,"2":154,"3":154,"4":154,"5":154,"6":154,"7":154,"8":154,"9":154,"10":65,"11":170,"12":53,"13":53,"14":154,"15":51,"16":51,"17":51,"18":51,"19":49,"20":49,"21":154,"22":65,"23":59,"24":154,"25":100,"26":8,"27":154,"28":37,"29":2,"30":2,"31":1,"32":1,"33":1,"34":1,"35":2,"36":154,"37":8,"38":154,"39":14,"40":154,"41":14,"42":8,"43":8,"44":2,"45":2,"46":6,"47":2,"48":2,"49":2,"50":4,"51":4,"52":4,"53":154,"54":0,"55":0},"f":{"0":154,"1":65,"2":170,"3":51,"4":49,"5":65,"6":100,"7":37,"8":8,"9":14,"10":14,"11":2,"12":2,"13":4,"14":0,"15":0},"b":{"0":[0],"1":[0],"2":[0],"3":[71,83],"4":[71,83],"5":[53,12],"6":[65,65,53],"7":[59,6],"8":[8,92],"9":[2,35],"10":[1,1],"11":[1,0],"12":[1,0],"13":[8,6],"14":[2,6],"15":[2,4],"16":[30,124],"17":[71,83],"18":[71,83]},"_coverageSchema":"1a1c01bbd47fc00a2c39e90264f33305004495a9","hash":"b0ce61859bf6cfcbd6d5c54f27e9fdd3a61a3753"}
,"D:\\Proyectos\\Sngular\\range-component\\src\\components\\Range\\Input\\Input.js": {"path":"D:\\Proyectos\\Sngular\\range-component\\src\\components\\Range\\Input\\Input.js","statementMap":{"0":{"start":{"line":5,"column":14},"end":{"line":63,"column":1}},"1":{"start":{"line":14,"column":40},"end":{"line":14,"column":53}},"2":{"start":{"line":15,"column":36},"end":{"line":15,"column":53}},"3":{"start":{"line":17,"column":4},"end":{"line":21,"column":16}},"4":{"start":{"line":18,"column":8},"end":{"line":20,"column":9}},"5":{"start":{"line":19,"column":12},"end":{"line":19,"column":34}},"6":{"start":{"line":23,"column":4},"end":{"line":25,"column":19}},"7":{"start":{"line":24,"column":8},"end":{"line":24,"column":28}},"8":{"start":{"line":27,"column":27},"end":{"line":33,"column":5}},"9":{"start":{"line":28,"column":27},"end":{"line":28,"column":50}},"10":{"start":{"line":29,"column":8},"end":{"line":29,"column":35}},"11":{"start":{"line":30,"column":8},"end":{"line":32,"column":9}},"12":{"start":{"line":31,"column":12},"end":{"line":31,"column":34}},"13":{"start":{"line":35,"column":25},"end":{"line":38,"column":5}},"14":{"start":{"line":36,"column":8},"end":{"line":36,"column":30}},"15":{"start":{"line":37,"column":8},"end":{"line":37,"column":28}},"16":{"start":{"line":40,"column":4},"end":{"line":50,"column":5}},"17":{"start":{"line":41,"column":8},"end":{"line":49,"column":9}},"18":{"start":{"line":52,"column":4},"end":{"line":62,"column":5}},"19":{"start":{"line":56,"column":28},"end":{"line":56,"column":60}},"20":{"start":{"line":58,"column":28},"end":{"line":58,"column":47}}},"fnMap":{"0":{"name":"(anonymous_0)","decl":{"start":{"line":5,"column":14},"end":{"line":5,"column":15}},"loc":{"start":{"line":13,"column":5},"end":{"line":63,"column":1}},"line":13},"1":{"name":"(anonymous_1)","decl":{"start":{"line":17,"column":15},"end":{"line":17,"column":16}},"loc":{"start":{"line":17,"column":21},"end":{"line":21,"column":5}},"line":17},"2":{"name":"(anonymous_2)","decl":{"start":{"line":23,"column":15},"end":{"line":23,"column":16}},"loc":{"start":{"line":23,"column":21},"end":{"line":25,"column":5}},"line":23},"3":{"name":"(anonymous_3)","decl":{"start":{"line":27,"column":27},"end":{"line":27,"column":28}},"loc":{"start":{"line":27,"column":36},"end":{"line":33,"column":5}},"line":27},"4":{"name":"(anonymous_4)","decl":{"start":{"line":35,"column":25},"end":{"line":35,"column":26}},"loc":{"start":{"line":35,"column":31},"end":{"line":38,"column":5}},"line":35},"5":{"name":"(anonymous_5)","decl":{"start":{"line":56,"column":23},"end":{"line":56,"column":24}},"loc":{"start":{"line":56,"column":28},"end":{"line":56,"column":60}},"line":56},"6":{"name":"(anonymous_6)","decl":{"start":{"line":58,"column":22},"end":{"line":58,"column":23}},"loc":{"start":{"line":58,"column":28},"end":{"line":58,"column":47}},"line":58}},"branchMap":{"0":{"loc":{"start":{"line":18,"column":8},"end":{"line":20,"column":9}},"type":"if","locations":[{"start":{"line":18,"column":8},"end":{"line":20,"column":9}},{"start":{"line":18,"column":8},"end":{"line":20,"column":9}}],"line":18},"1":{"loc":{"start":{"line":30,"column":8},"end":{"line":32,"column":9}},"type":"if","locations":[{"start":{"line":30,"column":8},"end":{"line":32,"column":9}},{"start":{"line":30,"column":8},"end":{"line":32,"column":9}}],"line":30},"2":{"loc":{"start":{"line":30,"column":13},"end":{"line":30,"column":47}},"type":"binary-expr","locations":[{"start":{"line":30,"column":13},"end":{"line":30,"column":23}},{"start":{"line":30,"column":27},"end":{"line":30,"column":47}}],"line":30},"3":{"loc":{"start":{"line":40,"column":4},"end":{"line":50,"column":5}},"type":"if","locations":[{"start":{"line":40,"column":4},"end":{"line":50,"column":5}},{"start":{"line":40,"column":4},"end":{"line":50,"column":5}}],"line":40},"4":{"loc":{"start":{"line":57,"column":22},"end":{"line":57,"column":57}},"type":"cond-expr","locations":[{"start":{"line":57,"column":33},"end":{"line":57,"column":43}},{"start":{"line":57,"column":46},"end":{"line":57,"column":57}}],"line":57}},"s":{"0":5,"1":142,"2":142,"3":142,"4":66,"5":66,"6":142,"7":38,"8":142,"9":2,"10":2,"11":2,"12":1,"13":142,"14":3,"15":3,"16":142,"17":40,"18":102,"19":2,"20":1},"f":{"0":142,"1":66,"2":38,"3":2,"4":3,"5":2,"6":1},"b":{"0":[66,0],"1":[1,1],"2":[2,2],"3":[40,102],"4":[1,101]},"_coverageSchema":"1a1c01bbd47fc00a2c39e90264f33305004495a9","hash":"9afa54e1fe9c03f8886570f8718da7e1d54d6096"}
,"D:\\Proyectos\\Sngular\\range-component\\src\\components\\Range\\Utils\\TestUtils.js": {"path":"D:\\Proyectos\\Sngular\\range-component\\src\\components\\Range\\Utils\\TestUtils.js","statementMap":{"0":{"start":{"line":1,"column":26},"end":{"line":1,"column":54}},"1":{"start":{"line":5,"column":8},"end":{"line":5,"column":28}},"2":{"start":{"line":6,"column":8},"end":{"line":10,"column":11}},"3":{"start":{"line":7,"column":12},"end":{"line":9,"column":13}},"4":{"start":{"line":8,"column":16},"end":{"line":8,"column":40}}},"fnMap":{"0":{"name":"(anonymous_0)","decl":{"start":{"line":4,"column":4},"end":{"line":4,"column":5}},"loc":{"start":{"line":4,"column":32},"end":{"line":11,"column":5}},"line":4},"1":{"name":"(anonymous_1)","decl":{"start":{"line":6,"column":35},"end":{"line":6,"column":36}},"loc":{"start":{"line":6,"column":47},"end":{"line":10,"column":9}},"line":6}},"branchMap":{"0":{"loc":{"start":{"line":7,"column":12},"end":{"line":9,"column":13}},"type":"if","locations":[{"start":{"line":7,"column":12},"end":{"line":9,"column":13}},{"start":{"line":7,"column":12},"end":{"line":9,"column":13}}],"line":7}},"s":{"0":2,"1":24,"2":24,"3":48,"4":8},"f":{"0":24,"1":48},"b":{"0":[8,40]},"_coverageSchema":"1a1c01bbd47fc00a2c39e90264f33305004495a9","hash":"5817cb177e6cc0458bb96ff0f7443cd093f8ca49"}
,"D:\\Proyectos\\Sngular\\range-component\\src\\components\\Range\\Utils\\Utils.js": {"path":"D:\\Proyectos\\Sngular\\range-component\\src\\components\\Range\\Utils\\Utils.js","statementMap":{"0":{"start":{"line":1,"column":30},"end":{"line":3,"column":1}},"1":{"start":{"line":2,"column":4},"end":{"line":2,"column":55}},"2":{"start":{"line":5,"column":21},"end":{"line":7,"column":1}},"3":{"start":{"line":6,"column":4},"end":{"line":6,"column":50}},"4":{"start":{"line":9,"column":39},"end":{"line":13,"column":1}},"5":{"start":{"line":10,"column":16},"end":{"line":10,"column":67}},"6":{"start":{"line":11,"column":4},"end":{"line":11,"column":48}},"7":{"start":{"line":12,"column":4},"end":{"line":12,"column":16}},"8":{"start":{"line":15,"column":30},"end":{"line":17,"column":1}},"9":{"start":{"line":16,"column":4},"end":{"line":16,"column":67}},"10":{"start":{"line":19,"column":30},"end":{"line":22,"column":1}},"11":{"start":{"line":20,"column":20},"end":{"line":20,"column":93}},"12":{"start":{"line":21,"column":4},"end":{"line":21,"column":44}},"13":{"start":{"line":24,"column":30},"end":{"line":27,"column":1}},"14":{"start":{"line":25,"column":18},"end":{"line":25,"column":76}},"15":{"start":{"line":26,"column":4},"end":{"line":26,"column":42}}},"fnMap":{"0":{"name":"(anonymous_0)","decl":{"start":{"line":1,"column":30},"end":{"line":1,"column":31}},"loc":{"start":{"line":1,"column":39},"end":{"line":3,"column":1}},"line":1},"1":{"name":"(anonymous_1)","decl":{"start":{"line":5,"column":21},"end":{"line":5,"column":22}},"loc":{"start":{"line":5,"column":44},"end":{"line":7,"column":1}},"line":5},"2":{"name":"(anonymous_2)","decl":{"start":{"line":9,"column":39},"end":{"line":9,"column":40}},"loc":{"start":{"line":9,"column":62},"end":{"line":13,"column":1}},"line":9},"3":{"name":"(anonymous_3)","decl":{"start":{"line":15,"column":30},"end":{"line":15,"column":31}},"loc":{"start":{"line":15,"column":51},"end":{"line":17,"column":1}},"line":15},"4":{"name":"(anonymous_4)","decl":{"start":{"line":19,"column":30},"end":{"line":19,"column":31}},"loc":{"start":{"line":19,"column":63},"end":{"line":22,"column":1}},"line":19},"5":{"name":"(anonymous_5)","decl":{"start":{"line":24,"column":30},"end":{"line":24,"column":31}},"loc":{"start":{"line":24,"column":65},"end":{"line":27,"column":1}},"line":24}},"branchMap":{},"s":{"0":7,"1":4,"2":7,"3":94,"4":7,"5":10,"6":10,"7":10,"8":7,"9":7,"10":7,"11":68,"12":68,"13":7,"14":11,"15":11},"f":{"0":4,"1":94,"2":10,"3":7,"4":68,"5":11},"b":{},"_coverageSchema":"1a1c01bbd47fc00a2c39e90264f33305004495a9","hash":"55fd562ac869136c39aaf20baa3c4edd335b4fbd"}
,"D:\\Proyectos\\Sngular\\range-component\\src\\hooks\\useResizeObserver.js": {"path":"D:\\Proyectos\\Sngular\\range-component\\src\\hooks\\useResizeObserver.js","statementMap":{"0":{"start":{"line":3,"column":26},"end":{"line":24,"column":1}},"1":{"start":{"line":4,"column":36},"end":{"line":4,"column":49}},"2":{"start":{"line":6,"column":21},"end":{"line":11,"column":5}},"3":{"start":{"line":8,"column":30},"end":{"line":8,"column":52}},"4":{"start":{"line":9,"column":12},"end":{"line":9,"column":32}},"5":{"start":{"line":13,"column":4},"end":{"line":21,"column":19}},"6":{"start":{"line":14,"column":8},"end":{"line":16,"column":9}},"7":{"start":{"line":15,"column":12},"end":{"line":15,"column":60}},"8":{"start":{"line":18,"column":8},"end":{"line":20,"column":9}},"9":{"start":{"line":19,"column":12},"end":{"line":19,"column":62}},"10":{"start":{"line":23,"column":4},"end":{"line":23,"column":19}}},"fnMap":{"0":{"name":"(anonymous_0)","decl":{"start":{"line":3,"column":26},"end":{"line":3,"column":27}},"loc":{"start":{"line":3,"column":42},"end":{"line":24,"column":1}},"line":3},"1":{"name":"(anonymous_1)","decl":{"start":{"line":7,"column":28},"end":{"line":7,"column":29}},"loc":{"start":{"line":7,"column":39},"end":{"line":10,"column":9}},"line":7},"2":{"name":"(anonymous_2)","decl":{"start":{"line":13,"column":15},"end":{"line":13,"column":16}},"loc":{"start":{"line":13,"column":21},"end":{"line":21,"column":5}},"line":13},"3":{"name":"(anonymous_3)","decl":{"start":{"line":18,"column":15},"end":{"line":18,"column":16}},"loc":{"start":{"line":18,"column":21},"end":{"line":20,"column":9}},"line":18}},"branchMap":{"0":{"loc":{"start":{"line":14,"column":8},"end":{"line":16,"column":9}},"type":"if","locations":[{"start":{"line":14,"column":8},"end":{"line":16,"column":9}},{"start":{"line":14,"column":8},"end":{"line":16,"column":9}}],"line":14}},"s":{"0":5,"1":154,"2":154,"3":0,"4":0,"5":154,"6":35,"7":35,"8":35,"9":33,"10":154},"f":{"0":154,"1":0,"2":35,"3":33},"b":{"0":[35,0]},"_coverageSchema":"1a1c01bbd47fc00a2c39e90264f33305004495a9","hash":"b2b8e05983336cb759005eec157b4de0db7758d4"}
,"D:\\Proyectos\\Sngular\\range-component\\src\\middlewares\\dataController.js": {"path":"D:\\Proyectos\\Sngular\\range-component\\src\\middlewares\\dataController.js","statementMap":{"0":{"start":{"line":3,"column":28},"end":{"line":10,"column":1}},"1":{"start":{"line":4,"column":4},"end":{"line":9,"column":5}},"2":{"start":{"line":5,"column":33},"end":{"line":5,"column":73}},"3":{"start":{"line":6,"column":8},"end":{"line":6,"column":31}},"4":{"start":{"line":8,"column":8},"end":{"line":8,"column":17}},"5":{"start":{"line":12,"column":27},"end":{"line":19,"column":1}},"6":{"start":{"line":13,"column":4},"end":{"line":18,"column":5}},"7":{"start":{"line":14,"column":32},"end":{"line":14,"column":71}},"8":{"start":{"line":15,"column":8},"end":{"line":15,"column":30}},"9":{"start":{"line":17,"column":8},"end":{"line":17,"column":17}}},"fnMap":{"0":{"name":"(anonymous_0)","decl":{"start":{"line":3,"column":28},"end":{"line":3,"column":29}},"loc":{"start":{"line":3,"column":40},"end":{"line":10,"column":1}},"line":3},"1":{"name":"(anonymous_1)","decl":{"start":{"line":12,"column":27},"end":{"line":12,"column":28}},"loc":{"start":{"line":12,"column":39},"end":{"line":19,"column":1}},"line":12}},"branchMap":{},"s":{"0":4,"1":4,"2":4,"3":1,"4":1,"5":4,"6":3,"7":3,"8":1,"9":1},"f":{"0":4,"1":3},"b":{},"_coverageSchema":"1a1c01bbd47fc00a2c39e90264f33305004495a9","hash":"11f4290663e3d6ae6c61761cf6bb72223d76700c"}
,"D:\\Proyectos\\Sngular\\range-component\\src\\middlewares\\routes.js": {"path":"D:\\Proyectos\\Sngular\\range-component\\src\\middlewares\\routes.js","statementMap":{},"fnMap":{},"branchMap":{},"s":{},"f":{},"b":{},"_coverageSchema":"1a1c01bbd47fc00a2c39e90264f33305004495a9","hash":"215d56194616a420df582e7fe688eb877471e443"}
,"D:\\Proyectos\\Sngular\\range-component\\src\\middlewares\\services\\dataServices.js": {"path":"D:\\Proyectos\\Sngular\\range-component\\src\\middlewares\\services\\dataServices.js","statementMap":{},"fnMap":{},"branchMap":{},"s":{},"f":{},"b":{},"_coverageSchema":"1a1c01bbd47fc00a2c39e90264f33305004495a9","hash":"d1a7753fe65bd886c4f8436a1629fcc1ca2c281e"}
,"D:\\Proyectos\\Sngular\\range-component\\src\\middlewares\\services\\api\\axiosService.js": {"path":"D:\\Proyectos\\Sngular\\range-component\\src\\middlewares\\services\\api\\axiosService.js","statementMap":{"0":{"start":{"line":6,"column":20},"end":{"line":8,"column":36}},"1":{"start":{"line":8,"column":29},"end":{"line":8,"column":34}},"2":{"start":{"line":9,"column":8},"end":{"line":9,"column":63}},"3":{"start":{"line":9,"column":52},"end":{"line":9,"column":61}},"4":{"start":{"line":10,"column":28},"end":{"line":10,"column":56}},"5":{"start":{"line":11,"column":8},"end":{"line":11,"column":26}},"6":{"start":{"line":14,"column":20},"end":{"line":16,"column":36}},"7":{"start":{"line":16,"column":29},"end":{"line":16,"column":34}},"8":{"start":{"line":17,"column":8},"end":{"line":17,"column":47}},"9":{"start":{"line":17,"column":36},"end":{"line":17,"column":45}},"10":{"start":{"line":18,"column":8},"end":{"line":18,"column":30}}},"fnMap":{"0":{"name":"(anonymous_0)","decl":{"start":{"line":5,"column":25},"end":{"line":5,"column":26}},"loc":{"start":{"line":5,"column":37},"end":{"line":12,"column":5}},"line":5},"1":{"name":"(anonymous_1)","decl":{"start":{"line":8,"column":20},"end":{"line":8,"column":21}},"loc":{"start":{"line":8,"column":29},"end":{"line":8,"column":34}},"line":8},"2":{"name":"(anonymous_2)","decl":{"start":{"line":13,"column":24},"end":{"line":13,"column":25}},"loc":{"start":{"line":13,"column":36},"end":{"line":19,"column":5}},"line":13},"3":{"name":"(anonymous_3)","decl":{"start":{"line":16,"column":20},"end":{"line":16,"column":21}},"loc":{"start":{"line":16,"column":29},"end":{"line":16,"column":34}},"line":16}},"branchMap":{"0":{"loc":{"start":{"line":9,"column":8},"end":{"line":9,"column":63}},"type":"if","locations":[{"start":{"line":9,"column":8},"end":{"line":9,"column":63}},{"start":{"line":9,"column":8},"end":{"line":9,"column":63}}],"line":9},"1":{"loc":{"start":{"line":9,"column":13},"end":{"line":9,"column":47}},"type":"binary-expr","locations":[{"start":{"line":9,"column":13},"end":{"line":9,"column":28}},{"start":{"line":9,"column":32},"end":{"line":9,"column":47}}],"line":9},"2":{"loc":{"start":{"line":17,"column":8},"end":{"line":17,"column":47}},"type":"if","locations":[{"start":{"line":17,"column":8},"end":{"line":17,"column":47}},{"start":{"line":17,"column":8},"end":{"line":17,"column":47}}],"line":17}},"s":{"0":4,"1":1,"2":2,"3":1,"4":1,"5":1,"6":3,"7":1,"8":2,"9":1,"10":1},"f":{"0":4,"1":1,"2":3,"3":1},"b":{"0":[1,1],"1":[2,1],"2":[1,1]},"_coverageSchema":"1a1c01bbd47fc00a2c39e90264f33305004495a9","hash":"12b98c0e987b6321e4f457754a370d07446fe937"}
,"D:\\Proyectos\\Sngular\\range-component\\src\\middlewares\\services\\api\\index.js": {"path":"D:\\Proyectos\\Sngular\\range-component\\src\\middlewares\\services\\api\\index.js","statementMap":{},"fnMap":{},"branchMap":{},"s":{},"f":{},"b":{},"_coverageSchema":"1a1c01bbd47fc00a2c39e90264f33305004495a9","hash":"1518af88ca80f7d222468b4182de6f6fa3e5c365"}
,"D:\\Proyectos\\Sngular\\range-component\\src\\pages\\Exercise1.js": {"path":"D:\\Proyectos\\Sngular\\range-component\\src\\pages\\Exercise1.js","statementMap":{"0":{"start":{"line":6,"column":18},"end":{"line":42,"column":1}},"1":{"start":{"line":7,"column":42},"end":{"line":7,"column":56}},"2":{"start":{"line":9,"column":26},"end":{"line":9,"column":36}},"3":{"start":{"line":10,"column":26},"end":{"line":10,"column":36}},"4":{"start":{"line":12,"column":4},"end":{"line":16,"column":11}},"5":{"start":{"line":13,"column":8},"end":{"line":15,"column":13}},"6":{"start":{"line":14,"column":12},"end":{"line":14,"column":72}},"7":{"start":{"line":18,"column":4},"end":{"line":21,"column":19}},"8":{"start":{"line":23,"column":22},"end":{"line":25,"column":5}},"9":{"start":{"line":24,"column":8},"end":{"line":24,"column":21}},"10":{"start":{"line":27,"column":22},"end":{"line":29,"column":5}},"11":{"start":{"line":28,"column":8},"end":{"line":28,"column":21}},"12":{"start":{"line":31,"column":4},"end":{"line":41,"column":5}}},"fnMap":{"0":{"name":"(anonymous_0)","decl":{"start":{"line":6,"column":18},"end":{"line":6,"column":19}},"loc":{"start":{"line":6,"column":24},"end":{"line":42,"column":1}},"line":6},"1":{"name":"(anonymous_1)","decl":{"start":{"line":12,"column":15},"end":{"line":12,"column":16}},"loc":{"start":{"line":12,"column":21},"end":{"line":16,"column":5}},"line":12},"2":{"name":"(anonymous_2)","decl":{"start":{"line":13,"column":10},"end":{"line":13,"column":11}},"loc":{"start":{"line":13,"column":22},"end":{"line":15,"column":9}},"line":13},"3":{"name":"(anonymous_3)","decl":{"start":{"line":18,"column":15},"end":{"line":18,"column":16}},"loc":{"start":{"line":18,"column":21},"end":{"line":21,"column":5}},"line":18},"4":{"name":"(anonymous_4)","decl":{"start":{"line":23,"column":22},"end":{"line":23,"column":23}},"loc":{"start":{"line":23,"column":33},"end":{"line":25,"column":5}},"line":23},"5":{"name":"(anonymous_5)","decl":{"start":{"line":27,"column":22},"end":{"line":27,"column":23}},"loc":{"start":{"line":27,"column":33},"end":{"line":29,"column":5}},"line":27}},"branchMap":{},"s":{"0":2,"1":4,"2":4,"3":4,"4":4,"5":2,"6":2,"7":4,"8":4,"9":2,"10":4,"11":2,"12":4},"f":{"0":4,"1":2,"2":2,"3":4,"4":2,"5":2},"b":{},"_coverageSchema":"1a1c01bbd47fc00a2c39e90264f33305004495a9","hash":"ff3efe898f5492cec816c2372d4e893d97fd948e"}
,"D:\\Proyectos\\Sngular\\range-component\\src\\pages\\Exercise2.js": {"path":"D:\\Proyectos\\Sngular\\range-component\\src\\pages\\Exercise2.js","statementMap":{"0":{"start":{"line":6,"column":18},"end":{"line":40,"column":1}},"1":{"start":{"line":7,"column":42},"end":{"line":7,"column":56}},"2":{"start":{"line":9,"column":26},"end":{"line":9,"column":36}},"3":{"start":{"line":10,"column":26},"end":{"line":10,"column":36}},"4":{"start":{"line":12,"column":4},"end":{"line":16,"column":11}},"5":{"start":{"line":13,"column":8},"end":{"line":15,"column":13}},"6":{"start":{"line":14,"column":12},"end":{"line":14,"column":71}},"7":{"start":{"line":18,"column":4},"end":{"line":21,"column":19}},"8":{"start":{"line":23,"column":22},"end":{"line":25,"column":5}},"9":{"start":{"line":24,"column":8},"end":{"line":24,"column":21}},"10":{"start":{"line":27,"column":22},"end":{"line":29,"column":5}},"11":{"start":{"line":28,"column":8},"end":{"line":28,"column":21}},"12":{"start":{"line":31,"column":4},"end":{"line":39,"column":5}}},"fnMap":{"0":{"name":"(anonymous_0)","decl":{"start":{"line":6,"column":18},"end":{"line":6,"column":19}},"loc":{"start":{"line":6,"column":24},"end":{"line":40,"column":1}},"line":6},"1":{"name":"(anonymous_1)","decl":{"start":{"line":12,"column":15},"end":{"line":12,"column":16}},"loc":{"start":{"line":12,"column":21},"end":{"line":16,"column":5}},"line":12},"2":{"name":"(anonymous_2)","decl":{"start":{"line":13,"column":10},"end":{"line":13,"column":11}},"loc":{"start":{"line":13,"column":22},"end":{"line":15,"column":9}},"line":13},"3":{"name":"(anonymous_3)","decl":{"start":{"line":18,"column":15},"end":{"line":18,"column":16}},"loc":{"start":{"line":18,"column":21},"end":{"line":21,"column":5}},"line":18},"4":{"name":"(anonymous_4)","decl":{"start":{"line":23,"column":22},"end":{"line":23,"column":23}},"loc":{"start":{"line":23,"column":33},"end":{"line":25,"column":5}},"line":23},"5":{"name":"(anonymous_5)","decl":{"start":{"line":27,"column":22},"end":{"line":27,"column":23}},"loc":{"start":{"line":27,"column":33},"end":{"line":29,"column":5}},"line":27}},"branchMap":{},"s":{"0":2,"1":2,"2":2,"3":2,"4":2,"5":1,"6":1,"7":2,"8":2,"9":1,"10":2,"11":1,"12":2},"f":{"0":2,"1":1,"2":1,"3":2,"4":1,"5":1},"b":{},"_coverageSchema":"1a1c01bbd47fc00a2c39e90264f33305004495a9","hash":"e814cd4649bd96cb1929fc0e5664121595f12be2"}
}
