TN:
SF:src\App.js
FN:10,(anonymous_0)
FN:15,(anonymous_1)
FNF:2
FNH:2
FNDA:1,(anonymous_0)
FNDA:2,(anonymous_1)
DA:10,1
DA:11,1
DA:16,2
LF:3
LH:3
BRF:0
BRH:0
end_of_record
TN:
SF:src\components\Range\Range.js
FN:12,(anonymous_0)
FN:28,(anonymous_1)
FN:29,(anonymous_2)
FN:32,(anonymous_3)
FN:33,(anonymous_4)
FN:53,(anonymous_5)
FN:63,(anonymous_6)
FN:73,(anonymous_7)
FN:91,(anonymous_8)
FN:97,(anonymous_9)
FN:115,(anonymous_10)
FN:121,(anonymous_11)
FNF:12
FNH:12
FNDA:61,(anonymous_0)
FNDA:16,(anonymous_1)
FNDA:29,(anonymous_2)
FNDA:31,(anonymous_3)
FNDA:82,(anonymous_4)
FNDA:43,(anonymous_5)
FNDA:43,(anonymous_6)
FNDA:3,(anonymous_7)
FNDA:3,(anonymous_8)
FNDA:3,(anonymous_9)
FNDA:3,(anonymous_10)
FNDA:76,(anonymous_11)
DA:7,4
DA:12,4
DA:21,61
DA:22,61
DA:23,61
DA:24,61
DA:25,61
DA:26,61
DA:28,61
DA:29,29
DA:32,61
DA:33,82
DA:34,25
DA:35,25
DA:36,25
DA:37,25
DA:38,25
DA:44,25
DA:53,61
DA:54,43
DA:55,43
DA:56,40
DA:59,1
DA:63,61
DA:64,43
DA:65,43
DA:66,40
DA:69,1
DA:73,61
DA:74,3
DA:75,3
DA:76,3
DA:77,3
DA:78,1
DA:79,1
DA:80,0
DA:82,1
DA:84,2
DA:85,0
DA:87,2
DA:88,2
DA:91,3
DA:92,3
DA:97,61
DA:98,3
DA:99,3
DA:100,3
DA:101,3
DA:102,1
DA:103,1
DA:104,0
DA:106,1
DA:108,2
DA:109,0
DA:111,2
DA:112,2
DA:115,3
DA:116,3
DA:121,61
DA:122,76
DA:125,61
LF:61
LH:57
BRDA:14,0,0,0
BRDA:15,1,0,57
BRDA:33,2,0,25
BRDA:33,2,1,6
BRDA:33,3,0,31
BRDA:33,3,1,31
BRDA:33,3,2,25
BRDA:55,4,0,40
BRDA:55,4,1,3
BRDA:55,5,0,43
BRDA:55,5,1,11
BRDA:55,5,2,11
BRDA:65,6,0,40
BRDA:65,6,1,3
BRDA:65,7,0,43
BRDA:65,7,1,11
BRDA:65,7,2,11
BRDA:74,8,0,3
BRDA:74,8,1,0
BRDA:74,9,0,3
BRDA:74,9,1,3
BRDA:77,10,0,1
BRDA:77,10,1,2
BRDA:79,11,0,0
BRDA:79,11,1,1
BRDA:84,12,0,0
BRDA:84,12,1,2
BRDA:87,13,0,2
BRDA:87,13,1,0
BRDA:98,14,0,3
BRDA:98,14,1,0
BRDA:98,15,0,3
BRDA:98,15,1,3
BRDA:101,16,0,1
BRDA:101,16,1,2
BRDA:103,17,0,0
BRDA:103,17,1,1
BRDA:108,18,0,0
BRDA:108,18,1,2
BRDA:111,19,0,2
BRDA:111,19,1,0
BRF:41
BRH:32
end_of_record
TN:
SF:src\components\Range\Bullet\Bullet.js
FN:12,(anonymous_0)
FN:34,(anonymous_1)
FN:35,(anonymous_2)
FN:41,(anonymous_3)
FN:46,(anonymous_4)
FN:52,(anonymous_5)
FN:58,(anonymous_6)
FN:64,(anonymous_7)
FN:80,(anonymous_8)
FN:84,(anonymous_9)
FN:87,(anonymous_10)
FN:91,(anonymous_11)
FN:95,(anonymous_12)
FN:98,(anonymous_13)
FN:117,(anonymous_14)
FN:118,(anonymous_15)
FNF:16
FNH:14
FNDA:154,(anonymous_0)
FNDA:65,(anonymous_1)
FNDA:170,(anonymous_2)
FNDA:51,(anonymous_3)
FNDA:49,(anonymous_4)
FNDA:65,(anonymous_5)
FNDA:100,(anonymous_6)
FNDA:37,(anonymous_7)
FNDA:8,(anonymous_8)
FNDA:14,(anonymous_9)
FNDA:14,(anonymous_10)
FNDA:2,(anonymous_11)
FNDA:2,(anonymous_12)
FNDA:4,(anonymous_13)
FNDA:0,(anonymous_14)
FNDA:0,(anonymous_15)
DA:12,5
DA:24,154
DA:25,154
DA:26,154
DA:27,154
DA:28,154
DA:29,154
DA:30,154
DA:32,154
DA:34,154
DA:35,170
DA:36,53
DA:37,53
DA:41,154
DA:42,51
DA:44,51
DA:45,51
DA:46,51
DA:47,49
DA:48,49
DA:52,154
DA:53,65
DA:54,59
DA:58,154
DA:59,100
DA:60,8
DA:64,154
DA:65,37
DA:66,2
DA:67,2
DA:68,1
DA:69,1
DA:72,1
DA:73,1
DA:76,2
DA:80,154
DA:81,8
DA:84,154
DA:85,14
DA:87,154
DA:88,14
DA:89,8
DA:90,8
DA:91,2
DA:93,6
DA:94,2
DA:95,2
DA:97,4
DA:98,4
DA:104,154
DA:117,0
DA:118,0
LF:52
LH:50
BRDA:15,0,0,0
BRDA:16,1,0,0
BRDA:20,2,0,0
BRDA:25,3,0,71
BRDA:25,3,1,83
BRDA:26,4,0,71
BRDA:26,4,1,83
BRDA:35,5,0,53
BRDA:35,5,1,12
BRDA:35,6,0,65
BRDA:35,6,1,65
BRDA:35,6,2,53
BRDA:53,7,0,59
BRDA:53,7,1,6
BRDA:59,8,0,8
BRDA:59,8,1,92
BRDA:65,9,0,2
BRDA:65,9,1,35
BRDA:67,10,0,1
BRDA:67,10,1,1
BRDA:68,11,0,1
BRDA:68,11,1,0
BRDA:72,12,0,1
BRDA:72,12,1,0
BRDA:88,13,0,8
BRDA:88,13,1,6
BRDA:90,14,0,2
BRDA:90,14,1,6
BRDA:93,15,0,2
BRDA:93,15,1,4
BRDA:122,16,0,30
BRDA:122,16,1,124
BRDA:126,17,0,71
BRDA:126,17,1,83
BRDA:127,18,0,71
BRDA:127,18,1,83
BRF:36
BRH:31
end_of_record
TN:
SF:src\components\Range\Input\Input.js
FN:5,(anonymous_0)
FN:17,(anonymous_1)
FN:23,(anonymous_2)
FN:27,(anonymous_3)
FN:35,(anonymous_4)
FN:56,(anonymous_5)
FN:58,(anonymous_6)
FNF:7
FNH:7
FNDA:142,(anonymous_0)
FNDA:66,(anonymous_1)
FNDA:38,(anonymous_2)
FNDA:2,(anonymous_3)
FNDA:3,(anonymous_4)
FNDA:2,(anonymous_5)
FNDA:1,(anonymous_6)
DA:5,5
DA:14,142
DA:15,142
DA:17,142
DA:18,66
DA:19,66
DA:23,142
DA:24,38
DA:27,142
DA:28,2
DA:29,2
DA:30,2
DA:31,1
DA:35,142
DA:36,3
DA:37,3
DA:40,142
DA:41,40
DA:52,102
DA:56,2
DA:58,1
LF:21
LH:21
BRDA:18,0,0,66
BRDA:18,0,1,0
BRDA:30,1,0,1
BRDA:30,1,1,1
BRDA:30,2,0,2
BRDA:30,2,1,2
BRDA:40,3,0,40
BRDA:40,3,1,102
BRDA:57,4,0,1
BRDA:57,4,1,101
BRF:10
BRH:9
end_of_record
TN:
SF:src\components\Range\Utils\TestUtils.js
FN:4,(anonymous_0)
FN:6,(anonymous_1)
FNF:2
FNH:2
FNDA:24,(anonymous_0)
FNDA:48,(anonymous_1)
DA:1,2
DA:5,24
DA:6,24
DA:7,48
DA:8,8
LF:5
LH:5
BRDA:7,0,0,8
BRDA:7,0,1,40
BRF:2
BRH:2
end_of_record
TN:
SF:src\components\Range\Utils\Utils.js
FN:1,(anonymous_0)
FN:5,(anonymous_1)
FN:9,(anonymous_2)
FN:15,(anonymous_3)
FN:19,(anonymous_4)
FN:24,(anonymous_5)
FNF:6
FNH:6
FNDA:4,(anonymous_0)
FNDA:94,(anonymous_1)
FNDA:10,(anonymous_2)
FNDA:7,(anonymous_3)
FNDA:68,(anonymous_4)
FNDA:11,(anonymous_5)
DA:1,7
DA:2,4
DA:5,7
DA:6,94
DA:9,7
DA:10,10
DA:11,10
DA:12,10
DA:15,7
DA:16,7
DA:19,7
DA:20,68
DA:21,68
DA:24,7
DA:25,11
DA:26,11
LF:16
LH:16
BRF:0
BRH:0
end_of_record
TN:
SF:src\hooks\useResizeObserver.js
FN:3,(anonymous_0)
FN:7,(anonymous_1)
FN:13,(anonymous_2)
FN:18,(anonymous_3)
FNF:4
FNH:3
FNDA:154,(anonymous_0)
FNDA:0,(anonymous_1)
FNDA:35,(anonymous_2)
FNDA:33,(anonymous_3)
DA:3,5
DA:4,154
DA:6,154
DA:8,0
DA:9,0
DA:13,154
DA:14,35
DA:15,35
DA:18,35
DA:19,33
DA:23,154
LF:11
LH:9
BRDA:14,0,0,35
BRDA:14,0,1,0
BRF:2
BRH:1
end_of_record
TN:
SF:src\middlewares\dataController.js
FN:3,(anonymous_0)
FN:12,(anonymous_1)
FNF:2
FNH:2
FNDA:4,(anonymous_0)
FNDA:3,(anonymous_1)
DA:3,4
DA:4,4
DA:5,4
DA:6,1
DA:8,1
DA:12,4
DA:13,3
DA:14,3
DA:15,1
DA:17,1
LF:10
LH:10
BRF:0
BRH:0
end_of_record
TN:
SF:src\middlewares\routes.js
FNF:0
FNH:0
LF:0
LH:0
BRF:0
BRH:0
end_of_record
TN:
SF:src\middlewares\services\dataServices.js
FNF:0
FNH:0
LF:0
LH:0
BRF:0
BRH:0
end_of_record
TN:
SF:src\middlewares\services\api\axiosService.js
FN:5,(anonymous_0)
FN:8,(anonymous_1)
FN:13,(anonymous_2)
FN:16,(anonymous_3)
FNF:4
FNH:4
FNDA:4,(anonymous_0)
FNDA:1,(anonymous_1)
FNDA:3,(anonymous_2)
FNDA:1,(anonymous_3)
DA:6,4
DA:8,1
DA:9,2
DA:10,1
DA:11,1
DA:14,3
DA:16,1
DA:17,2
DA:18,1
LF:9
LH:9
BRDA:9,0,0,1
BRDA:9,0,1,1
BRDA:9,1,0,2
BRDA:9,1,1,1
BRDA:17,2,0,1
BRDA:17,2,1,1
BRF:6
BRH:6
end_of_record
TN:
SF:src\middlewares\services\api\index.js
FNF:0
FNH:0
LF:0
LH:0
BRF:0
BRH:0
end_of_record
TN:
SF:src\pages\Exercise1.js
FN:6,(anonymous_0)
FN:12,(anonymous_1)
FN:13,(anonymous_2)
FN:18,(anonymous_3)
FN:23,(anonymous_4)
FN:27,(anonymous_5)
FNF:6
FNH:6
FNDA:4,(anonymous_0)
FNDA:2,(anonymous_1)
FNDA:2,(anonymous_2)
FNDA:4,(anonymous_3)
FNDA:2,(anonymous_4)
FNDA:2,(anonymous_5)
DA:6,2
DA:7,4
DA:9,4
DA:10,4
DA:12,4
DA:13,2
DA:14,2
DA:18,4
DA:23,4
DA:24,2
DA:27,4
DA:28,2
DA:31,4
LF:13
LH:13
BRF:0
BRH:0
end_of_record
TN:
SF:src\pages\Exercise2.js
FN:6,(anonymous_0)
FN:12,(anonymous_1)
FN:13,(anonymous_2)
FN:18,(anonymous_3)
FN:23,(anonymous_4)
FN:27,(anonymous_5)
FNF:6
FNH:6
FNDA:2,(anonymous_0)
FNDA:1,(anonymous_1)
FNDA:1,(anonymous_2)
FNDA:2,(anonymous_3)
FNDA:1,(anonymous_4)
FNDA:1,(anonymous_5)
DA:6,2
DA:7,2
DA:9,2
DA:10,2
DA:12,2
DA:13,1
DA:14,1
DA:18,2
DA:23,2
DA:24,1
DA:27,2
DA:28,1
DA:31,2
LF:13
LH:13
BRF:0
BRH:0
end_of_record
